The system is: Windows - 10.0.14393 - AMD64
Compiling the C compiler identification source file "CMakeCCompilerId.c" succeeded.
Compiler: C:/MinGW/bin/gcc.exe 
Build flags: 
Id flags: 

The output was:
0


Compiling the C compiler identification source file "CMakeCCompilerId.c" succeeded.
Compiler: C:/MinGW/bin/gcc.exe 
Build flags: 
Id flags: -c

The output was:
0


Compilation of the C compiler identification source "CMakeCCompilerId.c" produced "CMakeCCompilerId.o"

The C compiler identification is GNU, found in "C:/Users/Richard Oh/Documents/Work/Computing Science/Hashcode/Practice Round/cmake-build-debug/CMakeFiles/3.6.3/CompilerIdC/CMakeCCompilerId.o"

Compiling the CXX compiler identification source file "CMakeCXXCompilerId.cpp" succeeded.
Compiler: C:/MinGW/bin/g++.exe 
Build flags: 
Id flags: 

The output was:
0


Compiling the CXX compiler identification source file "CMakeCXXCompilerId.cpp" succeeded.
Compiler: C:/MinGW/bin/g++.exe 
Build flags: 
Id flags: -c

The output was:
0


Compilation of the CXX compiler identification source "CMakeCXXCompilerId.cpp" produced "CMakeCXXCompilerId.o"

The CXX compiler identification is GNU, found in "C:/Users/Richard Oh/Documents/Work/Computing Science/Hashcode/Practice Round/cmake-build-debug/CMakeFiles/3.6.3/CompilerIdCXX/CMakeCXXCompilerId.o"

Determining if the C compiler works passed with the following output:
Change Dir: C:/Users/Richard Oh/Documents/Work/Computing Science/Hashcode/Practice Round/cmake-build-debug/CMakeFiles/CMakeTmp

Run Build Command:"C:/MinGW/bin/mingw32-make.exe" "cmTC_131f9/fast"
C:/MinGW/bin/mingw32-make.exe -f CMakeFiles\cmTC_131f9.dir\build.make CMakeFiles/cmTC_131f9.dir/build
mingw32-make.exe[1]: Entering directory 'C:/Users/Richard Oh/Documents/Work/Computing Science/Hashcode/Practice Round/cmake-build-debug/CMakeFiles/CMakeTmp'
Building C object CMakeFiles/cmTC_131f9.dir/testCCompiler.c.obj
C:\MinGW\bin\gcc.exe     -o CMakeFiles\cmTC_131f9.dir\testCCompiler.c.obj   -c "C:\Users\Richard Oh\Documents\Work\Computing Science\Hashcode\Practice Round\cmake-build-debug\CMakeFiles\CMakeTmp\testCCompiler.c"
Linking C executable cmTC_131f9.exe
"C:\Program Files (x86)\JetBrains\CLion 2016.3.2\bin\cmake\bin\cmake.exe" -E cmake_link_script CMakeFiles\cmTC_131f9.dir\link.txt --verbose=1
"C:\Program Files (x86)\JetBrains\CLion 2016.3.2\bin\cmake\bin\cmake.exe" -E remove -f CMakeFiles\cmTC_131f9.dir/objects.a
C:\MinGW\bin\ar.exe cr CMakeFiles\cmTC_131f9.dir/objects.a @CMakeFiles\cmTC_131f9.dir\objects1.rsp
C:\MinGW\bin\gcc.exe       -Wl,--whole-archive CMakeFiles\cmTC_131f9.dir/objects.a -Wl,--no-whole-archive  -o cmTC_131f9.exe -Wl,--out-implib,libcmTC_131f9.dll.a -Wl,--major-image-version,0,--minor-image-version,0 @CMakeFiles\cmTC_131f9.dir\linklibs.rsp
mingw32-make.exe[1]: Leaving directory 'C:/Users/Richard Oh/Documents/Work/Computing Science/Hashcode/Practice Round/cmake-build-debug/CMakeFiles/CMakeTmp'


Determining if the CXX compiler works passed with the following output:
Change Dir: C:/Users/Richard Oh/Documents/Work/Computing Science/Hashcode/Practice Round/cmake-build-debug/CMakeFiles/CMakeTmp

Run Build Command:"C:/MinGW/bin/mingw32-make.exe" "cmTC_90dcf/fast"
C:/MinGW/bin/mingw32-make.exe -f CMakeFiles\cmTC_90dcf.dir\build.make CMakeFiles/cmTC_90dcf.dir/build
mingw32-make.exe[1]: Entering directory 'C:/Users/Richard Oh/Documents/Work/Computing Science/Hashcode/Practice Round/cmake-build-debug/CMakeFiles/CMakeTmp'
Building CXX object CMakeFiles/cmTC_90dcf.dir/testCXXCompiler.cxx.obj
C:\MinGW\bin\g++.exe      -o CMakeFiles\cmTC_90dcf.dir\testCXXCompiler.cxx.obj -c "C:\Users\Richard Oh\Documents\Work\Computing Science\Hashcode\Practice Round\cmake-build-debug\CMakeFiles\CMakeTmp\testCXXCompiler.cxx"
Linking CXX executable cmTC_90dcf.exe
"C:\Program Files (x86)\JetBrains\CLion 2016.3.2\bin\cmake\bin\cmake.exe" -E cmake_link_script CMakeFiles\cmTC_90dcf.dir\link.txt --verbose=1
"C:\Program Files (x86)\JetBrains\CLion 2016.3.2\bin\cmake\bin\cmake.exe" -E remove -f CMakeFiles\cmTC_90dcf.dir/objects.a
C:\MinGW\bin\ar.exe cr CMakeFiles\cmTC_90dcf.dir/objects.a @CMakeFiles\cmTC_90dcf.dir\objects1.rsp
C:\MinGW\bin\g++.exe       -Wl,--whole-archive CMakeFiles\cmTC_90dcf.dir/objects.a -Wl,--no-whole-archive  -o cmTC_90dcf.exe -Wl,--out-implib,libcmTC_90dcf.dll.a -Wl,--major-image-version,0,--minor-image-version,0 @CMakeFiles\cmTC_90dcf.dir\linklibs.rsp
mingw32-make.exe[1]: Leaving directory 'C:/Users/Richard Oh/Documents/Work/Computing Science/Hashcode/Practice Round/cmake-build-debug/CMakeFiles/CMakeTmp'


