The system is: Windows - 10.0.14393 - AMD64
Compiling the C compiler identification source file "CMakeCCompilerId.c" succeeded.
Compiler: C:/MinGW/bin/gcc.exe 
Build flags: 
Id flags: 

The output was:
0


Compilation of the C compiler identification source "CMakeCCompilerId.c" produced "a.exe"

The C compiler identification is GNU, found in "C:/Users/Richard Oh/Documents/Work/Computing Science/Hashcode/2015/cmake-build-debug/CMakeFiles/3.6.3/CompilerIdC/a.exe"

Compiling the CXX compiler identification source file "CMakeCXXCompilerId.cpp" succeeded.
Compiler: C:/MinGW/bin/g++.exe 
Build flags: 
Id flags: 

The output was:
0


Compilation of the CXX compiler identification source "CMakeCXXCompilerId.cpp" produced "a.exe"

Compiling the CXX compiler identification source file "CMakeCXXCompilerId.cpp" succeeded.
Compiler: C:/MinGW/bin/g++.exe 
Build flags: 
Id flags: -c

The output was:
0


Compilation of the CXX compiler identification source "CMakeCXXCompilerId.cpp" produced "CMakeCXXCompilerId.o"

The CXX compiler identification is GNU, found in "C:/Users/Richard Oh/Documents/Work/Computing Science/Hashcode/2015/cmake-build-debug/CMakeFiles/3.6.3/CompilerIdCXX/CMakeCXXCompilerId.o"

Determining if the C compiler works passed with the following output:
Change Dir: C:/Users/Richard Oh/Documents/Work/Computing Science/Hashcode/2015/cmake-build-debug/CMakeFiles/CMakeTmp

Run Build Command:"C:/MinGW/bin/mingw32-make.exe" "cmTC_ed369/fast"
C:/MinGW/bin/mingw32-make.exe -f CMakeFiles\cmTC_ed369.dir\build.make CMakeFiles/cmTC_ed369.dir/build
mingw32-make.exe[1]: Entering directory 'C:/Users/Richard Oh/Documents/Work/Computing Science/Hashcode/2015/cmake-build-debug/CMakeFiles/CMakeTmp'
Building C object CMakeFiles/cmTC_ed369.dir/testCCompiler.c.obj
C:\MinGW\bin\gcc.exe     -o CMakeFiles\cmTC_ed369.dir\testCCompiler.c.obj   -c "C:\Users\Richard Oh\Documents\Work\Computing Science\Hashcode\2015\cmake-build-debug\CMakeFiles\CMakeTmp\testCCompiler.c"
Linking C executable cmTC_ed369.exe
"C:\Program Files (x86)\JetBrains\CLion 2016.3.2\bin\cmake\bin\cmake.exe" -E cmake_link_script CMakeFiles\cmTC_ed369.dir\link.txt --verbose=1
"C:\Program Files (x86)\JetBrains\CLion 2016.3.2\bin\cmake\bin\cmake.exe" -E remove -f CMakeFiles\cmTC_ed369.dir/objects.a
C:\MinGW\bin\ar.exe cr CMakeFiles\cmTC_ed369.dir/objects.a @CMakeFiles\cmTC_ed369.dir\objects1.rsp
C:\MinGW\bin\gcc.exe       -Wl,--whole-archive CMakeFiles\cmTC_ed369.dir/objects.a -Wl,--no-whole-archive  -o cmTC_ed369.exe -Wl,--out-implib,libcmTC_ed369.dll.a -Wl,--major-image-version,0,--minor-image-version,0 @CMakeFiles\cmTC_ed369.dir\linklibs.rsp
mingw32-make.exe[1]: Leaving directory 'C:/Users/Richard Oh/Documents/Work/Computing Science/Hashcode/2015/cmake-build-debug/CMakeFiles/CMakeTmp'


Determining if the CXX compiler works passed with the following output:
Change Dir: C:/Users/Richard Oh/Documents/Work/Computing Science/Hashcode/2015/cmake-build-debug/CMakeFiles/CMakeTmp

Run Build Command:"C:/MinGW/bin/mingw32-make.exe" "cmTC_f4749/fast"
C:/MinGW/bin/mingw32-make.exe -f CMakeFiles\cmTC_f4749.dir\build.make CMakeFiles/cmTC_f4749.dir/build
mingw32-make.exe[1]: Entering directory 'C:/Users/Richard Oh/Documents/Work/Computing Science/Hashcode/2015/cmake-build-debug/CMakeFiles/CMakeTmp'
Building CXX object CMakeFiles/cmTC_f4749.dir/testCXXCompiler.cxx.obj
C:\MinGW\bin\g++.exe      -o CMakeFiles\cmTC_f4749.dir\testCXXCompiler.cxx.obj -c "C:\Users\Richard Oh\Documents\Work\Computing Science\Hashcode\2015\cmake-build-debug\CMakeFiles\CMakeTmp\testCXXCompiler.cxx"
Linking CXX executable cmTC_f4749.exe
"C:\Program Files (x86)\JetBrains\CLion 2016.3.2\bin\cmake\bin\cmake.exe" -E cmake_link_script CMakeFiles\cmTC_f4749.dir\link.txt --verbose=1
"C:\Program Files (x86)\JetBrains\CLion 2016.3.2\bin\cmake\bin\cmake.exe" -E remove -f CMakeFiles\cmTC_f4749.dir/objects.a
C:\MinGW\bin\ar.exe cr CMakeFiles\cmTC_f4749.dir/objects.a @CMakeFiles\cmTC_f4749.dir\objects1.rsp
C:\MinGW\bin\g++.exe       -Wl,--whole-archive CMakeFiles\cmTC_f4749.dir/objects.a -Wl,--no-whole-archive  -o cmTC_f4749.exe -Wl,--out-implib,libcmTC_f4749.dll.a -Wl,--major-image-version,0,--minor-image-version,0 @CMakeFiles\cmTC_f4749.dir\linklibs.rsp
mingw32-make.exe[1]: Leaving directory 'C:/Users/Richard Oh/Documents/Work/Computing Science/Hashcode/2015/cmake-build-debug/CMakeFiles/CMakeTmp'


